<?xml version="1.0" encoding="UTF-8"?>
<!-- Generated by org.testng.reporters.JUnitReportReporter -->
<testsuite skipped="0" hostname="ip-172-31-9-22" name="Simplilearn.TestNG.test.ApachePOI" tests="1" failures="0" timestamp="2021-02-23T12:21:16 UTC" time="5.274" errors="0">
  <testcase name="Testcase1" time="5.274" classname="Simplilearn.TestNG.test.ApachePOI"/>
  <system-out/>
</testsuite> <!-- Simplilearn.TestNG.test.ApachePOI -->
